<?xml version="1.0" encoding="UTF-8"?>
<!-- Generated by org.testng.reporters.JUnitReportReporter -->
<testsuite hostname="Kedar" failures="0" tests="1" name="com.mystore.test.EndToEndTest" time="122.904" errors="0" timestamp="2022-08-10T19:51:58 IST" skipped="0">
  <testcase classname="com.mystore.test.EndToEndTest" name="endToEndTest" time="122.904"/>
  <system-out/>
</testsuite> <!-- com.mystore.test.EndToEndTest -->
