<?xml version="1.0" encoding="UTF-8"?>
<!-- Generated by org.testng.reporters.JUnitReportReporter -->
<testsuite hostname="Kedar" failures="0" tests="1" name="com.mystore.test.IndexPageTest" time="52.103" errors="0" timestamp="2022-08-12T13:06:48 IST" skipped="0">
  <testcase classname="com.mystore.test.IndexPageTest" name="verifyLogo" time="52.103"/>
  <system-out>
    <![CDATA[start test case
end test case]]>
  </system-out>
</testsuite> <!-- com.mystore.test.IndexPageTest -->
