<?xml version="1.0" encoding="UTF-8"?>
<!-- Generated by org.testng.reporters.JUnitReportReporter -->
<testsuite hostname="Kedar" failures="0" tests="2" name="com.mystore.test.IndexPageTest" time="43.888" errors="0" timestamp="2022-08-13T18:47:13 IST" skipped="1">
  <testcase classname="com.mystore.test.IndexPageTest" name="verifyLogo" time="43.888"/>
  <system-out>
    <![CDATA[start test case
end test case]]>
  </system-out>
  <testcase classname="com.mystore.test.IndexPageTest" name="verifyTitle">
    <skipped/>
  </testcase> <!-- verifyTitle -->
  <system-out/>
</testsuite> <!-- com.mystore.test.IndexPageTest -->
