<?xml version="1.0" encoding="UTF-8"?>
<!-- Generated by org.testng.reporters.JUnitReportReporter -->
<testsuite hostname="Kedar" failures="0" tests="1" name="com.mystore.test.LoginPageTest" time="48.771" errors="0" timestamp="2022-08-08T12:18:07 IST" skipped="0">
  <testcase classname="com.mystore.test.LoginPageTest" name="LoginPageTest" time="48.771"/>
  <system-out/>
</testsuite> <!-- com.mystore.test.LoginPageTest -->
